<?xml version="1.0" encoding="UTF-8"?>
<!-- Generated by org.testng.reporters.JUnitXMLReporter -->
<testsuite ignored="0" hostname="KHANH" failures="0" tests="4" name="Surefire test" time="0.033" errors="0" timestamp="2025-12-09T06:48:25 ICT">
  <testcase classname="com.poly.CalculatorTest" name="testChiaCho0" time="0.004"/>
  <testcase classname="com.poly.CalculatorTest" name="testCong" time="0.003"/>
  <testcase classname="com.poly.CalculatorTest" name="testNhan" time="0.001"/>
  <testcase classname="com.poly.CalculatorTest" name="testTru" time="0.0"/>
</testsuite> <!-- Surefire test -->
