<?xml version="1.0" encoding="UTF-8"?>
<!-- Generated by org.testng.reporters.JUnitXMLReporter -->
<testsuite ignored="0" hostname="DESKTOP-7E01UMT" failures="0" tests="4" name="Default test" time="0.103" errors="0" timestamp="2025-12-09T13:10:12 ICT">
  <testcase classname="com.poly.CalculatorTest" name="testChiaCho0" time="0.013"/>
  <testcase classname="com.poly.CalculatorTest" name="testCong" time="0.006"/>
  <testcase classname="com.poly.CalculatorTest" name="testNhan" time="0.001"/>
  <testcase classname="com.poly.CalculatorTest" name="testTru" time="0.002"/>
</testsuite> <!-- Default test -->
