<?xml version="1.0" encoding="UTF-8"?>
<!-- Generated by org.testng.reporters.JUnitReportReporter -->
<testsuite hostname="DESKTOP-7E01UMT" failures="0" tests="4" name="com.poly.CalculatorTest" time="0.022" errors="0" timestamp="2025-12-09T13:10:12 ICT" skipped="0">
  <testcase classname="com.poly.CalculatorTest" name="testChiaCho0" time="0.013"/>
  <system-out/>
  <testcase classname="com.poly.CalculatorTest" name="testCong" time="0.006"/>
  <system-out/>
  <testcase classname="com.poly.CalculatorTest" name="testNhan" time="0.001"/>
  <system-out/>
  <testcase classname="com.poly.CalculatorTest" name="testTru" time="0.002"/>
  <system-out/>
</testsuite> <!-- com.poly.CalculatorTest -->
