<?xml version="1.0" encoding="UTF-8"?>
<!-- Generated by org.testng.reporters.JUnitReportReporter -->
<testsuite hostname="KHANH" failures="0" tests="4" name="com.poly.CalculatorTest" time="0.008" errors="0" timestamp="2025-12-09T06:48:25 ICT" skipped="0">
  <testcase classname="com.poly.CalculatorTest" name="testCong" time="0.003"/>
  <system-out/>
  <testcase classname="com.poly.CalculatorTest" name="testTru" time="0.000"/>
  <system-out/>
  <testcase classname="com.poly.CalculatorTest" name="testNhan" time="0.001"/>
  <system-out/>
  <testcase classname="com.poly.CalculatorTest" name="testChiaCho0" time="0.004"/>
  <system-out/>
</testsuite> <!-- com.poly.CalculatorTest -->
